1598796323354	geckodriver	INFO	Listening on 127.0.0.1:62192
1598796326425	mozrunner::runner	INFO	Running command: "D:\\Firefox\\firefox.exe" "--marionette" "-foreground" "-no-remote" "-profile" "C:\\Users\\Administrator\\AppData\\Local\\Temp\\rust_mozprofileU6fK15"
JavaScript error: resource://gre/modules/XULStore.jsm, line 66: Error: Can't find profile directory.
console.error: SearchCache: "_readCacheFile: Error reading cache file:" (new Error("", "(unknown module)"))
1598796328736	Marionette	INFO	Listening on port 62200
1598796329190	Marionette	WARN	TLS certificate errors will be ignored for this session
JavaScript warning: https://csdnimg.cn/public/common/libs/jquery/jquery-1.9.1.min.js, line 2: Using //@ to indicate sourceMappingURL pragmas is deprecated. Use //# instead
JavaScript warning: https://g.alicdn.com/AWSC/WebUMID/1.84.0/um.js, line 8: WebGL context was lost.
1598796962634	Marionette	INFO	Stopped listening on port 62200

###!!! [Child][RunMessage] Error: Channel closing: too late to send/recv, messages will be lost


###!!! [Child][MessageChannel::SendAndWait] Error: Channel error: cannot send/recv

2356
1598796815526	Marionette	WARN	TLS certificate errors will be ignored for this session
1598796959891	Marionette	INFO	Stopped listening on port 62356

###!!! [Child][RunMessage] Error: Channel closing: too late to send/recv, messages will be lost


###!!! [Child][MessageChannel::SendAndWait] Error: Channel error: cannot send/recv

rofileTWJeD8"
JavaScript error: resource://gre/modules/XULStore.jsm, line 66: Error: Can't find profile directory.
console.error: SearchCache: "_readCacheFile: Error reading cache file:" (new Error("", "(unknown module)"))
1598796932840	Marionette	INFO	Listening on port 62526
1598796932870	Marionette	WARN	TLS certificate errors will be ignored for this session
1598796952815	Marionette	INFO	Stopped listening on port 62526

###!!! [Child][RunMessage] Error: Channel closing: too late to send/recv, messages will be lost


###!!! [Child][MessageChannel::SendAndWait] Error: Channel error: cannot send/recv

1598797097344	geckodriver	INFO	Listening on 127.0.0.1:62615
1598797100400	mozrunner::runner	INFO	Running command: "D:\\Firefox\\firefox.exe" "--marionette" "-foreground" "-no-remote" "-profile" "C:\\Users\\Administrator\\AppData\\Local\\Temp\\rust_mozprofile6y2r14"
JavaScript error: resource://gre/modules/XULStore.jsm, line 66: Error: Can't find profile directory.
console.error: SearchCache: "_readCacheFile: Error reading cache file:" (new Error("", "(unknown module)"))
1598797102371	Marionette	INFO	Listening on port 62624
1598797102525	Marionette	WARN	TLS certificate errors will be ignored for this session
1598797105401	Marionette	INFO	Stopped listening on port 62624

###!!! [Child][RunMessage] Error: Channel closing: too late to send/recv, messages will be lost


###!!! [Child][MessageChannel::SendAndWait] Error: Channel error: cannot send/recv

